app/build/intermediates/manifest_merge_blame_file/debug/manifest-merger-blame-debug-report.txt
1<?xml version="1.0" encoding="utf-8"?>
2<manifest xmlns:android="http://schemas.android.com/apk/res/android"
3    package="com.android.almacendepizza"
4    android:versionCode="1"
5    android:versionName="1.0" >
6
7    <uses-sdk
8        android:minSdkVersion="24"
8-->src\main\AndroidManifest.xml
9        android:targetSdkVersion="29" />
9-->src\main\AndroidManifest.xml
10
11    <uses-permission android:name="android.permission.INTERNET" />
11-->src\main\AndroidManifest.xml:5:5-67
11-->src\main\AndroidManifest.xml:5:22-64
12    <uses-permission android:name="android.permission.CAMERA" />
12-->[io.card:android-sdk:5.5.1] AndroidManifest.xml:9:5-65
12-->[io.card:android-sdk:5.5.1] AndroidManifest.xml:9:22-62
13    <uses-permission android:name="android.permission.VIBRATE" />
13-->[io.card:android-sdk:5.5.1] AndroidManifest.xml:10:5-66
13-->[io.card:android-sdk:5.5.1] AndroidManifest.xml:10:22-63
14
15    <uses-feature
15-->[io.card:android-sdk:5.5.1] AndroidManifest.xml:12:5-14:36
16        android:name="android.hardware.camera"
16-->[io.card:android-sdk:5.5.1] AndroidManifest.xml:13:9-47
17        android:required="false" />
17-->[io.card:android-sdk:5.5.1] AndroidManifest.xml:14:9-33
18    <uses-feature
18-->[io.card:android-sdk:5.5.1] AndroidManifest.xml:15:5-17:36
19        android:name="android.hardware.camera.autofocus"
19-->[io.card:android-sdk:5.5.1] AndroidManifest.xml:16:9-57
20        android:required="false" />
20-->[io.card:android-sdk:5.5.1] AndroidManifest.xml:17:9-33
21
22    <application
22-->src\main\AndroidManifest.xml:7:5-27:19
23        android:allowBackup="true"
23-->src\main\AndroidManifest.xml:8:9-35
24        android:appComponentFactory="androidx.core.app.CoreComponentFactory"
24-->[androidx.core:core:1.3.1] AndroidManifest.xml:24:18-86
25        android:debuggable="true"
26        android:extractNativeLibs="false"
27        android:icon="@mipmap/ic_launcher"
27-->src\main\AndroidManifest.xml:9:9-43
28        android:label="@string/app_name"
28-->src\main\AndroidManifest.xml:10:9-41
29        android:roundIcon="@mipmap/ic_launcher_round"
29-->src\main\AndroidManifest.xml:11:9-54
30        android:supportsRtl="true"
30-->src\main\AndroidManifest.xml:12:9-35
31        android:testOnly="true"
32        android:theme="@style/Theme.FoodOrderApp" >
32-->src\main\AndroidManifest.xml:13:9-50
33        <activity android:name="com.android.almacendepizza.MainActivity" />
33-->src\main\AndroidManifest.xml:14:9-86
33-->src\main\AndroidManifest.xml:14:19-73
34        <activity android:name="com.android.almacendepizza.LoginActivity" />
34-->src\main\AndroidManifest.xml:15:9-77
34-->src\main\AndroidManifest.xml:15:19-74
35        <activity android:name="com.android.almacendepizza.UserActivity" />
35-->src\main\AndroidManifest.xml:16:9-75
35-->src\main\AndroidManifest.xml:16:19-73
36        <activity android:name="com.android.almacendepizza.OrderSucceessActivity" />
36-->src\main\AndroidManifest.xml:17:9-85
36-->src\main\AndroidManifest.xml:17:19-82
37        <activity android:name="com.android.almacendepizza.PlaceYourOrderActivity" />
37-->src\main\AndroidManifest.xml:18:9-86
37-->src\main\AndroidManifest.xml:18:19-83
38        <activity android:name="com.android.almacendepizza.RestaurantMenuActivity" />
38-->src\main\AndroidManifest.xml:19:9-86
38-->src\main\AndroidManifest.xml:19:19-83
39        <activity android:name="com.android.almacendepizza.SplashActivity" >
39-->src\main\AndroidManifest.xml:20:9-26:20
39-->src\main\AndroidManifest.xml:20:19-75
40            <intent-filter>
40-->src\main\AndroidManifest.xml:21:9-25:25
41                <action android:name="android.intent.action.MAIN" />
41-->src\main\AndroidManifest.xml:22:13-65
41-->src\main\AndroidManifest.xml:22:21-62
42
43                <category android:name="android.intent.category.LAUNCHER" />
43-->src\main\AndroidManifest.xml:24:13-73
43-->src\main\AndroidManifest.xml:24:23-70
44            </intent-filter>
45        </activity>
46        <activity
46-->[io.card:android-sdk:5.5.1] AndroidManifest.xml:20:9-22:66
47            android:name="io.card.payment.CardIOActivity"
47-->[io.card:android-sdk:5.5.1] AndroidManifest.xml:21:13-58
48            android:configChanges="keyboardHidden|orientation" />
48-->[io.card:android-sdk:5.5.1] AndroidManifest.xml:22:13-63
49        <activity android:name="io.card.payment.DataEntryActivity" />
49-->[io.card:android-sdk:5.5.1] AndroidManifest.xml:23:9-70
49-->[io.card:android-sdk:5.5.1] AndroidManifest.xml:23:19-67
50    </application>
51
52</manifest>